3/19/2021 11:56:54 AM	This log contains information about the import schema operation into project 'WebReg.Database' on computer 'LVAGPLTP4412' by user 'jevgenijs.pankovs'.
3/19/2021 11:56:55 AM	Import of database schema has started.
3/19/2021 11:57:10 AM	Gathering database credentials
3/19/2021 11:57:10 AM	Gathering database options
3/19/2021 11:57:10 AM	Gathering generic database scoped configuration option
3/19/2021 11:57:10 AM	Gathering users
3/19/2021 11:57:10 AM	Gathering roles
3/19/2021 11:57:10 AM	Gathering application roles
3/19/2021 11:57:10 AM	Gathering role memberships
3/19/2021 11:57:10 AM	Gathering filegroups
3/19/2021 11:57:10 AM	Gathering full-text catalogs
3/19/2021 11:57:10 AM	Gathering assemblies
3/19/2021 11:57:10 AM	Gathering certificates
3/19/2021 11:57:10 AM	Gathering asymmetric keys
3/19/2021 11:57:10 AM	Gathering symmetric keys
3/19/2021 11:57:10 AM	Gathering encrypted symmetric keys
3/19/2021 11:57:10 AM	Gathering schemas
3/19/2021 11:57:10 AM	Gathering XML schema collections
3/19/2021 11:57:10 AM	Gathering user-defined data types
3/19/2021 11:57:10 AM	Gathering user-defined types
3/19/2021 11:57:10 AM	Gathering table types
3/19/2021 11:57:10 AM	Gathering unique keys for table types
3/19/2021 11:57:10 AM	Gathering primary keys for table types
3/19/2021 11:57:10 AM	Gathering indexes for table types
3/19/2021 11:57:10 AM	Gathering check constraints for table types
3/19/2021 11:57:10 AM	Gathering default constraints for table types
3/19/2021 11:57:10 AM	Gathering partition functions
3/19/2021 11:57:10 AM	Gathering partition schemes
3/19/2021 11:58:27 AM	Gathering functions
3/19/2021 11:58:53 AM	Gathering encrypted functions
3/19/2021 11:59:29 AM	Gathering aggregates
3/19/2021 11:59:40 AM	Gathering procedures
3/19/2021 12:00:06 PM	Gathering encrypted procedures
3/19/2021 12:00:07 PM	Gathering tables
3/19/2021 12:00:08 PM	Gathering primary keys
3/19/2021 12:00:09 PM	Gathering unique constraints
3/19/2021 12:00:09 PM	Gathering foreign keys
3/19/2021 12:00:09 PM	Gathering default constraints
3/19/2021 12:00:09 PM	Gathering check constraints
3/19/2021 12:00:20 PM	Gathering views
3/19/2021 12:00:45 PM	Gathering encrypted views
3/19/2021 12:00:46 PM	Gathering indexes
3/19/2021 12:00:46 PM	Gathering statistics
3/19/2021 12:00:46 PM	Gathering full-text index stoplists
3/19/2021 12:00:46 PM	Gathering search property lists
3/19/2021 12:00:46 PM	Gathering search properties
3/19/2021 12:00:46 PM	Gathering full-text indexes
3/19/2021 12:00:47 PM	Gathering column store indexes
3/19/2021 12:00:47 PM	Gathering spatial indexes
3/19/2021 12:00:47 PM	Gathering XML indexes
3/19/2021 12:00:48 PM	Gathering Selective XML indexes
3/19/2021 12:00:48 PM	Gathering encrypted triggers
3/19/2021 12:00:48 PM	Gathering triggers
3/19/2021 12:00:48 PM	Gathering encrypted and clr ddl triggers
3/19/2021 12:00:48 PM	Gathering ddl triggers
3/19/2021 12:00:48 PM	Gathering synonyms
3/19/2021 12:01:28 PM	Gathering defaults
3/19/2021 12:01:28 PM	Gathering data constraint uddt bindings
3/19/2021 12:01:41 PM	Gathering rules
3/19/2021 12:01:41 PM	Gathering data constraint uddt bindings
3/19/2021 12:01:41 PM	Gathering message types
3/19/2021 12:01:41 PM	Gathering queues
3/19/2021 12:01:41 PM	Gathering contracts
3/19/2021 12:01:41 PM	Gathering services
3/19/2021 12:01:41 PM	Gathering event notifications
3/19/2021 12:01:41 PM	Gathering remote service bindings
3/19/2021 12:01:42 PM	Gathering broker priorities
3/19/2021 12:01:42 PM	Gathering signatures
3/19/2021 12:01:42 PM	Gathering data compression options
3/19/2021 12:01:42 PM	Gathering sequence types
3/19/2021 12:01:42 PM	Gathering security policies
3/19/2021 12:01:42 PM	Gather column encryption keys
3/19/2021 12:01:42 PM	Gathering column master keys
3/19/2021 12:01:42 PM	Gathering external data sources
3/19/2021 12:01:42 PM	Gathering external file formats
3/19/2021 12:01:43 PM	Gathering external tables
3/19/2021 12:01:43 PM	Gathering extended properties
3/19/2021 12:01:47 PM	Gathering credentials
3/19/2021 12:01:47 PM	Gathering logins
3/19/2021 12:01:47 PM	Gathering server audits
3/19/2021 12:01:48 PM	Scanning project for duplicate elements
3/19/2021 12:01:48 PM	Finished duplicate element processing
3/19/2021 12:01:49 PM	Finished importing database.
3/19/2021 12:01:49 PM	A summary of the import was saved to the following location: C:\Accenture\LetsBuild\repos\Lab03\WebRegister\src\WebReg.Database\Import Schema Logs\WebReg.Database_20210319095654.log
3/19/2021 12:01:49 PM	Click Finish to continue...
